cp: -r not specified; omitting directory '../../../../original_scripts/MUC'
cp: -r not specified; omitting directory '../../../../original_scripts/WikiEvents'
/home/zc272/trigger-paper-tanl/experiments/WikiEvents/g2_environments/human/default/utils.py:15: SyntaxWarning: "is not" with a literal. Did you mean "!="?
  if episodes_string is not None and episodes_string is not '':
/home/zc272/.conda/envs/TANL2/lib/python3.11/site-packages/transformers/models/t5/tokenization_t5_fast.py:155: FutureWarning: This tokenizer was incorrectly instantiated with a model max length of 512 which will be corrected in Transformers v5.
For now, this behavior is kept to avoid breaking backwards compatibility when padding/encoding with `truncation is True`.
- Be aware that you SHOULD NOT rely on t5-base automatically truncating your input to 512 when padding/encoding.
- If you want to encode/pad to sequences longer than 512 you can either instantiate this tokenizer with `model_max_length` or pass `max_length` when encoding/padding.
- To avoid this warning, please instantiate this tokenizer with `model_max_length` set to your preferred value.
  warnings.warn(
Episode 0 (1 episodes total)
Output directory: experiments/wiki_event-t5-base-ep25-len512-b2-train/episode0
Using model t5-base
Loaded 3239 sentences for split train of wikievents_argument
Traceback (most recent call last):
  File "/home/zc272/trigger-paper-tanl/experiments/WikiEvents/g2_environments/human/default/run.py", line 308, in <module>
    main()
  File "/home/zc272/trigger-paper-tanl/experiments/WikiEvents/g2_environments/human/default/run.py", line 228, in main
    dataset = load_dataset(
              ^^^^^^^^^^^^^
  File "/home/zc272/trigger-paper-tanl/experiments/WikiEvents/g2_environments/human/default/datasets.py", line 56, in load_dataset
    return DATASETS[dataset_name](
           ^^^^^^^^^^^^^^^^^^^^^^^
  File "/home/zc272/trigger-paper-tanl/experiments/WikiEvents/g2_environments/human/default/base_dataset.py", line 96, in __init__
    self.examples = self.load_data(mode=mode, seed=seed)
                    ^^^^^^^^^^^^^^^^^^^^^^^^^^^^^^^^^^^^
  File "/home/zc272/trigger-paper-tanl/experiments/WikiEvents/g2_environments/human/default/base_dataset.py", line 181, in load_data
    examples += self.load_data_single_split(split, seed=seed)
                ^^^^^^^^^^^^^^^^^^^^^^^^^^^^^^^^^^^^^^^^^^^^^
  File "/home/zc272/trigger-paper-tanl/experiments/WikiEvents/g2_environments/human/default/datasets.py", line 1919, in load_data_single_split
    triggers = [
               ^
  File "/home/zc272/trigger-paper-tanl/experiments/WikiEvents/g2_environments/human/default/datasets.py", line 1921, in <listcomp>
    id=j, type=self.entity_types[y['type']], start=y['start'], end=y['end'])
               ~~~~~~~~~~~~~~~~~^^^^^^^^^^^
KeyError: 'trigger for communicaton event'
