Using scoring mode - All Templates

ANALYZING DATA AND APPLYING TRANSFORMATIONS ...

	------------------

DOCID: 1

Comparing:
Summary:
|-Template (Life.Die):
| |-Defeated: 
| |-Investigator: 
| |-Killer: 
| |-Jailer: 
| |-Destroyer: 
| |-ManufacturerAssembler: 
| |-Instrument: 
| |-PlaceOfEmployment: 
| |-Learner: 
| |-Components: 
| |-Vehicle: 
| |-Disabler: 
| |-Injurer: 
| |-Communicator: 
| |-BodyPart: 
| |-Disease: 
| |-Detainee: 
| |-Position: 
| |-Patient: 
| |-PassengerArtifact: 
| |-Defendant: 
| |-Attacker: 
| |-IdentifiedRole: 
| |-Preventer: 
| |-CrashObject: 
| |-Victim: ((158, 166), '126 people')
| |-Identifier: 
| |-AcquiredEntity: 
| |-Researcher: 
| |-Regulator: 
| |-Observer: 
| |-Artifact: 
| |-Target: 
| |-Participant: 
| |-Recipient: 
| |-Topic: 
| |-Impeder: 
| |-Treater: 
| |-Subject: 
| |-Destination: 
| |-Giver: 
| |-Perpetrator: 
| |-ExplosiveDevice: 
| |-Transporter: 
| |-Employee: 
| |-PaymentBarter: 
| |-Place: ((198, 219), 'the military training center')
| |-Damager: 
| |-JudgeCourt: 
| |-ArtifactMoney: 
| |-IdentifiedObject: 
| |-ObservedEntity: 
| |-Demonstrator: 
| |-Victor: 
| |-TeacherTrainer: 
| |-Prosecutor: 
| |-Dismantler: 
| |-DamagerDestroyer: 
| |-Origin: 
|-Template (Conflict.Attack):
| |-Defeated: 
| |-Investigator: 
| |-Killer: 
| |-Jailer: 
| |-Destroyer: 
| |-ManufacturerAssembler: 
| |-Instrument: 
| |-PlaceOfEmployment: 
| |-Learner: 
| |-Components: 
| |-Vehicle: 
| |-Disabler: 
| |-Injurer: 
| |-Communicator: 
| |-BodyPart: 
| |-Disease: 
| |-Detainee: 
| |-Position: 
| |-Patient: 
| |-PassengerArtifact: 
| |-Defendant: 
| |-Attacker: 
| |-IdentifiedRole: 
| |-Preventer: 
| |-CrashObject: 
| |-Victim: 
| |-Identifier: 
| |-AcquiredEntity: 
| |-Researcher: 
| |-Regulator: 
| |-Observer: 
| |-Artifact: 
| |-Target: ((438, 444), 'the vehicle')
| |-Participant: 
| |-Recipient: 
| |-Topic: 
| |-Impeder: 
| |-Treater: 
| |-Subject: 
| |-Destination: 
| |-Giver: 
| |-Perpetrator: 
| |-ExplosiveDevice: 
| |-Transporter: 
| |-Employee: 
| |-PaymentBarter: 
| |-Place: ((451, 456), 'the campus'), ((289, 295), 'in kabul')
| |-Damager: 
| |-JudgeCourt: 
| |-ArtifactMoney: 
| |-IdentifiedObject: 
| |-ObservedEntity: 
| |-Demonstrator: 
| |-Victor: 
| |-TeacherTrainer: 
| |-Prosecutor: 
| |-Dismantler: 
| |-DamagerDestroyer: 
| |-Origin: 
|-Template (Conflict.Attack):
| |-Defeated: 
| |-Investigator: 
| |-Killer: 
| |-Jailer: 
| |-Destroyer: 
| |-ManufacturerAssembler: 
| |-Instrument: 
| |-PlaceOfEmployment: 
| |-Learner: 
| |-Components: 
| |-Vehicle: 
| |-Disabler: 
| |-Injurer: 
| |-Communicator: 
| |-BodyPart: 
| |-Disease: 
| |-Detainee: 
| |-Position: 
| |-Patient: 
| |-PassengerArtifact: 
| |-Defendant: 
| |-Attacker: ((369, 377), 'the attackers')
| |-IdentifiedRole: 
| |-Preventer: 
| |-CrashObject: 
| |-Victim: 
| |-Identifier: 
| |-AcquiredEntity: 
| |-Researcher: 
| |-Regulator: 
| |-Observer: 
| |-Artifact: 
| |-Target: ((401, 415), 'through a military')
| |-Participant: 
| |-Recipient: 
| |-Topic: 
| |-Impeder: 
| |-Treater: 
| |-Subject: 
| |-Destination: 
| |-Giver: 
| |-Perpetrator: 
| |-ExplosiveDevice: ((384, 386), 'a car')
| |-Transporter: 
| |-Employee: 
| |-PaymentBarter: 
| |-Place: 
| |-Damager: 
| |-JudgeCourt: 
| |-ArtifactMoney: 
| |-IdentifiedObject: 
| |-ObservedEntity: 
| |-Demonstrator: 
| |-Victor: 
| |-TeacherTrainer: 
| |-Prosecutor: 
| |-Dismantler: 
| |-DamagerDestroyer: 
| |-Origin: 
|-Template (Life.Die):
| |-Defeated: 
| |-Investigator: 
| |-Killer: 
| |-Jailer: 
| |-Destroyer: 
| |-ManufacturerAssembler: 
| |-Instrument: 
| |-PlaceOfEmployment: 
| |-Learner: 
| |-Components: 
| |-Vehicle: 
| |-Disabler: 
| |-Injurer: 
| |-Communicator: 
| |-BodyPart: 
| |-Disease: 
| |-Detainee: 
| |-Position: 
| |-Patient: 
| |-PassengerArtifact: 
| |-Defendant: 
| |-Attacker: 
| |-IdentifiedRole: 
| |-Preventer: 
| |-CrashObject: 
| |-Victim: ((21, 30), '100 members')
| |-Identifier: 
| |-AcquiredEntity: 
| |-Researcher: 
| |-Regulator: 
| |-Observer: 
| |-Artifact: 
| |-Target: 
| |-Participant: 
| |-Recipient: 
| |-Topic: 
| |-Impeder: 
| |-Treater: 
| |-Subject: 
| |-Destination: 
| |-Giver: 
| |-Perpetrator: 
| |-ExplosiveDevice: 
| |-Transporter: 
| |-Employee: 
| |-PaymentBarter: 
| |-Place: 
| |-Damager: 
| |-JudgeCourt: 
| |-ArtifactMoney: 
| |-IdentifiedObject: 
| |-ObservedEntity: 
| |-Demonstrator: 
| |-Victor: 
| |-TeacherTrainer: 
| |-Prosecutor: 
| |-Dismantler: 
| |-DamagerDestroyer: 
| |-Origin: 
|-Template (Life.Die):
| |-Defeated: 
| |-Investigator: 
| |-Killer: ((0, 6), 'the taliban')
| |-Jailer: 
| |-Destroyer: 
| |-ManufacturerAssembler: 
| |-Instrument: 
| |-PlaceOfEmployment: 
| |-Learner: 
| |-Components: 
| |-Vehicle: 
| |-Disabler: 
| |-Injurer: 
| |-Communicator: 
| |-BodyPart: 
| |-Disease: 
| |-Detainee: 
| |-Position: 
| |-Patient: 
| |-PassengerArtifact: 
| |-Defendant: 
| |-Attacker: 
| |-IdentifiedRole: 
| |-Preventer: 
| |-CrashObject: 
| |-Victim: ((21, 30), '100 members')
| |-Identifier: 
| |-AcquiredEntity: 
| |-Researcher: 
| |-Regulator: 
| |-Observer: 
| |-Artifact: 
| |-Target: 
| |-Participant: 
| |-Recipient: 
| |-Topic: 
| |-Impeder: 
| |-Treater: 
| |-Subject: 
| |-Destination: 
| |-Giver: 
| |-Perpetrator: 
| |-ExplosiveDevice: 
| |-Transporter: 
| |-Employee: 
| |-PaymentBarter: 
| |-Place: 
| |-Damager: 
| |-JudgeCourt: 
| |-ArtifactMoney: 
| |-IdentifiedObject: 
| |-ObservedEntity: 
| |-Demonstrator: 
| |-Victor: 
| |-TeacherTrainer: 
| |-Prosecutor: 
| |-Dismantler: 
| |-DamagerDestroyer: 
| |-Origin: 
 -to- 
Summary:
|-Template (Life.Die):
| |-Killer: [((0, 6), 'the taliban'), ((2277, 2286), 'insurgents'), ((0, 6), 'taliban'), ((3708, 3712), 'their'), ((961, 964), 'they'), ((0, 6), 'taliban'), ((0, 6), 'taliban'), ((2277, 2286), 'insurgents'), ((0, 6), 'taliban'), ((0, 6), 'taliban'), ((0, 6), 'taliban'), ((44, 45), 'it'), ((3825, 3833), 'militants'), ((2277, 2286), 'insurgents'), ((0, 6), 'taliban'), ((3708, 3712), 'their'), ((0, 6), 'taliban'), ((0, 6), 'taliban'), ((3276, 3280), 'group'), ((0, 6), 'taliban')]
| |-Victim: [((24, 30), 'members'), ((13, 23), 'more than 100'), ((24, 30), 'members'), ((21, 23), '100'), ((24, 30), 'members'), ((975, 981), 'over 100')]
| |-Place: 
| |-Defeated: 
| |-Investigator: 
| |-Jailer: 
| |-Destroyer: 
| |-ManufacturerAssembler: 
| |-Instrument: 
| |-PlaceOfEmployment: 
| |-Learner: 
| |-Components: 
| |-Vehicle: 
| |-Disabler: 
| |-Injurer: 
| |-Communicator: 
| |-BodyPart: 
| |-Disease: 
| |-Detainee: 
| |-Position: 
| |-Patient: 
| |-PassengerArtifact: 
| |-Defendant: 
| |-Attacker: 
| |-IdentifiedRole: 
| |-Preventer: 
| |-CrashObject: 
| |-Identifier: 
| |-AcquiredEntity: 
| |-Researcher: 
| |-Regulator: 
| |-Observer: 
| |-Artifact: 
| |-Target: 
| |-Participant: 
| |-Recipient: 
| |-Topic: 
| |-Impeder: 
| |-Treater: 
| |-Subject: 
| |-Destination: 
| |-Giver: 
| |-Perpetrator: 
| |-ExplosiveDevice: 
| |-Transporter: 
| |-Employee: 
| |-PaymentBarter: 
| |-Damager: 
| |-JudgeCourt: 
| |-ArtifactMoney: 
| |-IdentifiedObject: 
| |-ObservedEntity: 
| |-Demonstrator: 
| |-Victor: 
| |-TeacherTrainer: 
| |-Prosecutor: 
| |-Dismantler: 
| |-DamagerDestroyer: 
| |-Origin: 
|-Template (Conflict.Attack):
| |-Place: [((206, 219), 'training center'), ((67, 74), 'compound'), ((451, 456), 'campus'), ((904, 910), 'complex'), ((206, 219), 'training center'), ((451, 456), 'campus'), ((904, 910), 'complex'), ((1372, 1379), 'building'), ((904, 910), 'complex')]
| |-ExplosiveDevice: 
| |-Target: 
| |-Attacker: 
| |-Instrument: 
| |-Defeated: 
| |-Investigator: 
| |-Killer: 
| |-Jailer: 
| |-Destroyer: 
| |-ManufacturerAssembler: 
| |-PlaceOfEmployment: 
| |-Learner: 
| |-Components: 
| |-Vehicle: 
| |-Disabler: 
| |-Injurer: 
| |-Communicator: 
| |-BodyPart: 
| |-Disease: 
| |-Detainee: 
| |-Position: 
| |-Patient: 
| |-PassengerArtifact: 
| |-Defendant: 
| |-IdentifiedRole: 
| |-Preventer: 
| |-CrashObject: 
| |-Victim: 
| |-Identifier: 
| |-AcquiredEntity: 
| |-Researcher: 
| |-Regulator: 
| |-Observer: 
| |-Artifact: 
| |-Participant: 
| |-Recipient: 
| |-Topic: 
| |-Impeder: 
| |-Treater: 
| |-Subject: 
| |-Destination: 
| |-Giver: 
| |-Perpetrator: 
| |-Transporter: 
| |-Employee: 
| |-PaymentBarter: 
| |-Damager: 
| |-JudgeCourt: 
| |-ArtifactMoney: 
| |-IdentifiedObject: 
| |-ObservedEntity: 
| |-Demonstrator: 
| |-Victor: 
| |-TeacherTrainer: 
| |-Prosecutor: 
| |-Dismantler: 
| |-DamagerDestroyer: 
| |-Origin: 
|-Template (Life.Die):
| |-Killer: 
| |-Victim: [((161, 166), 'people'), ((158, 160), '126')]
| |-Place: 
| |-Defeated: 
| |-Investigator: 
| |-Jailer: 
| |-Destroyer: 
| |-ManufacturerAssembler: 
| |-Instrument: 
| |-PlaceOfEmployment: 
| |-Learner: 
| |-Components: 
| |-Vehicle: 
| |-Disabler: 
| |-Injurer: 
| |-Communicator: 
| |-BodyPart: 
| |-Disease: 
| |-Detainee: 
| |-Position: 
| |-Patient: 
| |-PassengerArtifact: 
| |-Defendant: 
| |-Attacker: 
| |-IdentifiedRole: 
| |-Preventer: 
| |-CrashObject: 
| |-Identifier: 
| |-AcquiredEntity: 
| |-Researcher: 
| |-Regulator: 
| |-Observer: 
| |-Artifact: 
| |-Target: 
| |-Participant: 
| |-Recipient: 
| |-Topic: 
| |-Impeder: 
| |-Treater: 
| |-Subject: 
| |-Destination: 
| |-Giver: 
| |-Perpetrator: 
| |-ExplosiveDevice: 
| |-Transporter: 
| |-Employee: 
| |-PaymentBarter: 
| |-Damager: 
| |-JudgeCourt: 
| |-ArtifactMoney: 
| |-IdentifiedObject: 
| |-ObservedEntity: 
| |-Demonstrator: 
| |-Victor: 
| |-TeacherTrainer: 
| |-Prosecutor: 
| |-Dismantler: 
| |-DamagerDestroyer: 
| |-Origin: 
|-Template (Conflict.Attack):
| |-Place: 
| |-ExplosiveDevice: 
| |-Target: 
| |-Attacker: 
| |-Instrument: 
| |-Defeated: 
| |-Investigator: 
| |-Killer: 
| |-Jailer: 
| |-Destroyer: 
| |-ManufacturerAssembler: 
| |-PlaceOfEmployment: 
| |-Learner: 
| |-Components: 
| |-Vehicle: 
| |-Disabler: 
| |-Injurer: 
| |-Communicator: 
| |-BodyPart: 
| |-Disease: 
| |-Detainee: 
| |-Position: 
| |-Patient: 
| |-PassengerArtifact: 
| |-Defendant: 
| |-IdentifiedRole: 
| |-Preventer: 
| |-CrashObject: 
| |-Victim: 
| |-Identifier: 
| |-AcquiredEntity: 
| |-Researcher: 
| |-Regulator: 
| |-Observer: 
| |-Artifact: 
| |-Participant: 
| |-Recipient: 
| |-Topic: 
| |-Impeder: 
| |-Treater: 
| |-Subject: 
| |-Destination: 
| |-Giver: 
| |-Perpetrator: 
| |-Transporter: 
| |-Employee: 
| |-PaymentBarter: 
| |-Damager: 
| |-JudgeCourt: 
| |-ArtifactMoney: 
| |-IdentifiedObject: 
| |-ObservedEntity: 
| |-Demonstrator: 
| |-Victor: 
| |-TeacherTrainer: 
| |-Prosecutor: 
| |-Dismantler: 
| |-DamagerDestroyer: 
| |-Origin: 
|-Template (Conflict.Attack):
| |-Place: 
| |-ExplosiveDevice: [((391, 400), 'explosives')]
| |-Target: [((451, 456), 'campus'), ((67, 74), 'compound'), ((206, 219), 'training center'), ((904, 910), 'complex'), ((206, 219), 'training center'), ((451, 456), 'campus'), ((904, 910), 'complex'), ((1372, 1379), 'building'), ((904, 910), 'complex')]
| |-Attacker: 
| |-Instrument: 
| |-Defeated: 
| |-Investigator: 
| |-Killer: 
| |-Jailer: 
| |-Destroyer: 
| |-ManufacturerAssembler: 
| |-PlaceOfEmployment: 
| |-Learner: 
| |-Components: 
| |-Vehicle: 
| |-Disabler: 
| |-Injurer: 
| |-Communicator: 
| |-BodyPart: 
| |-Disease: 
| |-Detainee: 
| |-Position: 
| |-Patient: 
| |-PassengerArtifact: 
| |-Defendant: 
| |-IdentifiedRole: 
| |-Preventer: 
| |-CrashObject: 
| |-Victim: 
| |-Identifier: 
| |-AcquiredEntity: 
| |-Researcher: 
| |-Regulator: 
| |-Observer: 
| |-Artifact: 
| |-Participant: 
| |-Recipient: 
| |-Topic: 
| |-Impeder: 
| |-Treater: 
| |-Subject: 
| |-Destination: 
| |-Giver: 
| |-Perpetrator: 
| |-Transporter: 
| |-Employee: 
| |-PaymentBarter: 
| |-Damager: 
| |-JudgeCourt: 
| |-ArtifactMoney: 
| |-IdentifiedObject: 
| |-ObservedEntity: 
| |-Demonstrator: 
| |-Victor: 
| |-TeacherTrainer: 
| |-Prosecutor: 
| |-Dismantler: 
| |-DamagerDestroyer: 
| |-Origin: 
|-Template (Conflict.Attack):
| |-Place: [((451, 456), 'campus'), ((67, 74), 'compound'), ((451, 456), 'campus'), ((206, 219), 'training center'), ((904, 910), 'complex'), ((206, 219), 'training center'), ((904, 910), 'complex'), ((1372, 1379), 'building'), ((904, 910), 'complex')]
| |-ExplosiveDevice: 
| |-Target: [((613, 620), 'soldiers')]
| |-Attacker: [((556, 561), 'gunmen'), ((553, 555), 'two')]
| |-Instrument: 
| |-Defeated: 
| |-Investigator: 
| |-Killer: 
| |-Jailer: 
| |-Destroyer: 
| |-ManufacturerAssembler: 
| |-PlaceOfEmployment: 
| |-Learner: 
| |-Components: 
| |-Vehicle: 
| |-Disabler: 
| |-Injurer: 
| |-Communicator: 
| |-BodyPart: 
| |-Disease: 
| |-Detainee: 
| |-Position: 
| |-Patient: 
| |-PassengerArtifact: 
| |-Defendant: 
| |-IdentifiedRole: 
| |-Preventer: 
| |-CrashObject: 
| |-Victim: 
| |-Identifier: 
| |-AcquiredEntity: 
| |-Researcher: 
| |-Regulator: 
| |-Observer: 
| |-Artifact: 
| |-Participant: 
| |-Recipient: 
| |-Topic: 
| |-Impeder: 
| |-Treater: 
| |-Subject: 
| |-Destination: 
| |-Giver: 
| |-Perpetrator: 
| |-Transporter: 
| |-Employee: 
| |-PaymentBarter: 
| |-Damager: 
| |-JudgeCourt: 
| |-ArtifactMoney: 
| |-IdentifiedObject: 
| |-ObservedEntity: 
| |-Demonstrator: 
| |-Victor: 
| |-TeacherTrainer: 
| |-Prosecutor: 
| |-Dismantler: 
| |-DamagerDestroyer: 
| |-Origin: 
|-Template (Life.Die):
| |-Killer: 
| |-Victim: [((24, 30), 'members'), ((13, 23), 'more than 100'), ((24, 30), 'members'), ((21, 23), '100'), ((24, 30), 'members'), ((975, 981), 'over 100')]
| |-Place: [((904, 910), 'complex'), ((67, 74), 'compound'), ((451, 456), 'campus'), ((206, 219), 'training center'), ((206, 219), 'training center'), ((451, 456), 'campus'), ((904, 910), 'complex'), ((1372, 1379), 'building'), ((904, 910), 'complex')]
| |-Defeated: 
| |-Investigator: 
| |-Jailer: 
| |-Destroyer: 
| |-ManufacturerAssembler: 
| |-Instrument: 
| |-PlaceOfEmployment: 
| |-Learner: 
| |-Components: 
| |-Vehicle: 
| |-Disabler: 
| |-Injurer: 
| |-Communicator: 
| |-BodyPart: 
| |-Disease: 
| |-Detainee: 
| |-Position: 
| |-Patient: 
| |-PassengerArtifact: 
| |-Defendant: 
| |-Attacker: 
| |-IdentifiedRole: 
| |-Preventer: 
| |-CrashObject: 
| |-Identifier: 
| |-AcquiredEntity: 
| |-Researcher: 
| |-Regulator: 
| |-Observer: 
| |-Artifact: 
| |-Target: 
| |-Participant: 
| |-Recipient: 
| |-Topic: 
| |-Impeder: 
| |-Treater: 
| |-Subject: 
| |-Destination: 
| |-Giver: 
| |-Perpetrator: 
| |-ExplosiveDevice: 
| |-Transporter: 
| |-Employee: 
| |-PaymentBarter: 
| |-Damager: 
| |-JudgeCourt: 
| |-ArtifactMoney: 
| |-IdentifiedObject: 
| |-ObservedEntity: 
| |-Demonstrator: 
| |-Victor: 
| |-TeacherTrainer: 
| |-Prosecutor: 
| |-Dismantler: 
| |-DamagerDestroyer: 
| |-Origin: 
|-Template (Cognitive.IdentifyCategorize):
| |-IdentifiedObject: [((1105, 1110), 'bodies')]
| |-Identifier: [((366, 367), 'he'), ((366, 367), 'he'), ((1052, 1056), 'hotak'), ((1046, 1056), 'sharif hotak'), ((24, 29), 'member')]
| |-Place: 
| |-IdentifiedRole: 
| |-Defeated: 
| |-Investigator: 
| |-Killer: 
| |-Jailer: 
| |-Destroyer: 
| |-ManufacturerAssembler: 
| |-Instrument: 
| |-PlaceOfEmployment: 
| |-Learner: 
| |-Components: 
| |-Vehicle: 
| |-Disabler: 
| |-Injurer: 
| |-Communicator: 
| |-BodyPart: 
| |-Disease: 
| |-Detainee: 
| |-Position: 
| |-Patient: 
| |-PassengerArtifact: 
| |-Defendant: 
| |-Attacker: 
| |-Preventer: 
| |-CrashObject: 
| |-Victim: 
| |-AcquiredEntity: 
| |-Researcher: 
| |-Regulator: 
| |-Observer: 
| |-Artifact: 
| |-Target: 
| |-Participant: 
| |-Recipient: 
| |-Topic: 
| |-Impeder: 
| |-Treater: 
| |-Subject: 
| |-Destination: 
| |-Giver: 
| |-Perpetrator: 
| |-ExplosiveDevice: 
| |-Transporter: 
| |-Employee: 
| |-PaymentBarter: 
| |-Damager: 
| |-JudgeCourt: 
| |-ArtifactMoney: 
| |-ObservedEntity: 
| |-Demonstrator: 
| |-Victor: 
| |-TeacherTrainer: 
| |-Prosecutor: 
| |-Dismantler: 
| |-DamagerDestroyer: 
| |-Origin: 
|-Template (Conflict.Attack):
| |-Place: [((3494, 3505), 'southeastern')]
| |-ExplosiveDevice: 
| |-Target: 
| |-Attacker: 
| |-Instrument: 
| |-Defeated: 
| |-Investigator: 
| |-Killer: 
| |-Jailer: 
| |-Destroyer: 
| |-ManufacturerAssembler: 
| |-PlaceOfEmployment: 
| |-Learner: 
| |-Components: 
| |-Vehicle: 
| |-Disabler: 
| |-Injurer: 
| |-Communicator: 
| |-BodyPart: 
| |-Disease: 
| |-Detainee: 
| |-Position: 
| |-Patient: 
| |-PassengerArtifact: 
| |-Defendant: 
| |-IdentifiedRole: 
| |-Preventer: 
| |-CrashObject: 
| |-Victim: 
| |-Identifier: 
| |-AcquiredEntity: 
| |-Researcher: 
| |-Regulator: 
| |-Observer: 
| |-Artifact: 
| |-Participant: 
| |-Recipient: 
| |-Topic: 
| |-Impeder: 
| |-Treater: 
| |-Subject: 
| |-Destination: 
| |-Giver: 
| |-Perpetrator: 
| |-Transporter: 
| |-Employee: 
| |-PaymentBarter: 
| |-Damager: 
| |-JudgeCourt: 
| |-ArtifactMoney: 
| |-IdentifiedObject: 
| |-ObservedEntity: 
| |-Demonstrator: 
| |-Victor: 
| |-TeacherTrainer: 
| |-Prosecutor: 
| |-Dismantler: 
| |-DamagerDestroyer: 
| |-Origin: 
|-Template (Life.Injure):
| |-Victim: [((21, 22), '10')]
| |-Injurer: 
| |-Instrument: 
| |-BodyPart: 
| |-Defeated: 
| |-Investigator: 
| |-Killer: 
| |-Jailer: 
| |-Destroyer: 
| |-ManufacturerAssembler: 
| |-PlaceOfEmployment: 
| |-Learner: 
| |-Components: 
| |-Vehicle: 
| |-Disabler: 
| |-Communicator: 
| |-Disease: 
| |-Detainee: 
| |-Position: 
| |-Patient: 
| |-PassengerArtifact: 
| |-Defendant: 
| |-Attacker: 
| |-IdentifiedRole: 
| |-Preventer: 
| |-CrashObject: 
| |-Identifier: 
| |-AcquiredEntity: 
| |-Researcher: 
| |-Regulator: 
| |-Observer: 
| |-Artifact: 
| |-Target: 
| |-Participant: 
| |-Recipient: 
| |-Topic: 
| |-Impeder: 
| |-Treater: 
| |-Subject: 
| |-Destination: 
| |-Giver: 
| |-Perpetrator: 
| |-ExplosiveDevice: 
| |-Transporter: 
| |-Employee: 
| |-PaymentBarter: 
| |-Place: 
| |-Damager: 
| |-JudgeCourt: 
| |-ArtifactMoney: 
| |-IdentifiedObject: 
| |-ObservedEntity: 
| |-Demonstrator: 
| |-Victor: 
| |-TeacherTrainer: 
| |-Prosecutor: 
| |-Dismantler: 
| |-DamagerDestroyer: 
| |-Origin: 
|-Template (Life.Die):
| |-Killer: 
| |-Victim: [((3530, 3538), 'policemen')]
| |-Place: 
| |-Defeated: 
| |-Investigator: 
| |-Jailer: 
| |-Destroyer: 
| |-ManufacturerAssembler: 
| |-Instrument: 
| |-PlaceOfEmployment: 
| |-Learner: 
| |-Components: 
| |-Vehicle: 
| |-Disabler: 
| |-Injurer: 
| |-Communicator: 
| |-BodyPart: 
| |-Disease: 
| |-Detainee: 
| |-Position: 
| |-Patient: 
| |-PassengerArtifact: 
| |-Defendant: 
| |-Attacker: 
| |-IdentifiedRole: 
| |-Preventer: 
| |-CrashObject: 
| |-Identifier: 
| |-AcquiredEntity: 
| |-Researcher: 
| |-Regulator: 
| |-Observer: 
| |-Artifact: 
| |-Target: 
| |-Participant: 
| |-Recipient: 
| |-Topic: 
| |-Impeder: 
| |-Treater: 
| |-Subject: 
| |-Destination: 
| |-Giver: 
| |-Perpetrator: 
| |-ExplosiveDevice: 
| |-Transporter: 
| |-Employee: 
| |-PaymentBarter: 
| |-Damager: 
| |-JudgeCourt: 
| |-ArtifactMoney: 
| |-IdentifiedObject: 
| |-ObservedEntity: 
| |-Demonstrator: 
| |-Victor: 
| |-TeacherTrainer: 
| |-Prosecutor: 
| |-Dismantler: 
| |-DamagerDestroyer: 
| |-Origin: 
|-Template (Conflict.Attack):
| |-Place: 
| |-ExplosiveDevice: 
| |-Target: [((3603, 3608), 'convoy'), ((3603, 3608), 'convoy')]
| |-Attacker: 
| |-Instrument: 
| |-Defeated: 
| |-Investigator: 
| |-Killer: 
| |-Jailer: 
| |-Destroyer: 
| |-ManufacturerAssembler: 
| |-PlaceOfEmployment: 
| |-Learner: 
| |-Components: 
| |-Vehicle: 
| |-Disabler: 
| |-Injurer: 
| |-Communicator: 
| |-BodyPart: 
| |-Disease: 
| |-Detainee: 
| |-Position: 
| |-Patient: 
| |-PassengerArtifact: 
| |-Defendant: 
| |-IdentifiedRole: 
| |-Preventer: 
| |-CrashObject: 
| |-Victim: 
| |-Identifier: 
| |-AcquiredEntity: 
| |-Researcher: 
| |-Regulator: 
| |-Observer: 
| |-Artifact: 
| |-Participant: 
| |-Recipient: 
| |-Topic: 
| |-Impeder: 
| |-Treater: 
| |-Subject: 
| |-Destination: 
| |-Giver: 
| |-Perpetrator: 
| |-Transporter: 
| |-Employee: 
| |-PaymentBarter: 
| |-Damager: 
| |-JudgeCourt: 
| |-ArtifactMoney: 
| |-IdentifiedObject: 
| |-ObservedEntity: 
| |-Demonstrator: 
| |-Victor: 
| |-TeacherTrainer: 
| |-Prosecutor: 
| |-Dismantler: 
| |-DamagerDestroyer: 
| |-Origin: 
|-Template (Life.Die):
| |-Killer: 
| |-Victim: [((24, 30), 'members'), ((13, 23), 'more than 100'), ((21, 23), '100'), ((24, 30), 'members'), ((24, 30), 'members'), ((975, 981), 'over 100')]
| |-Place: 
| |-Defeated: 
| |-Investigator: 
| |-Jailer: 
| |-Destroyer: 
| |-ManufacturerAssembler: 
| |-Instrument: 
| |-PlaceOfEmployment: 
| |-Learner: 
| |-Components: 
| |-Vehicle: 
| |-Disabler: 
| |-Injurer: 
| |-Communicator: 
| |-BodyPart: 
| |-Disease: 
| |-Detainee: 
| |-Position: 
| |-Patient: 
| |-PassengerArtifact: 
| |-Defendant: 
| |-Attacker: 
| |-IdentifiedRole: 
| |-Preventer: 
| |-CrashObject: 
| |-Identifier: 
| |-AcquiredEntity: 
| |-Researcher: 
| |-Regulator: 
| |-Observer: 
| |-Artifact: 
| |-Target: 
| |-Participant: 
| |-Recipient: 
| |-Topic: 
| |-Impeder: 
| |-Treater: 
| |-Subject: 
| |-Destination: 
| |-Giver: 
| |-Perpetrator: 
| |-ExplosiveDevice: 
| |-Transporter: 
| |-Employee: 
| |-PaymentBarter: 
| |-Damager: 
| |-JudgeCourt: 
| |-ArtifactMoney: 
| |-IdentifiedObject: 
| |-ObservedEntity: 
| |-Demonstrator: 
| |-Victor: 
| |-TeacherTrainer: 
| |-Prosecutor: 
| |-Dismantler: 
| |-DamagerDestroyer: 
| |-Origin: 
|-Template (Contact.Contact):
| |-Participant: [((3, 3), 'i'), ((125, 132), 'official'), ((800, 805), 'source'), ((24, 25), 'me')], [((125, 132), 'official'), ((961, 964), 'they')]
| |-Place: 
| |-Topic: 
| |-Communicator: 
| |-Recipient: 
| |-Instrument: 
| |-Defeated: 
| |-Investigator: 
| |-Killer: 
| |-Jailer: 
| |-Destroyer: 
| |-ManufacturerAssembler: 
| |-PlaceOfEmployment: 
| |-Learner: 
| |-Components: 
| |-Vehicle: 
| |-Disabler: 
| |-Injurer: 
| |-BodyPart: 
| |-Disease: 
| |-Detainee: 
| |-Position: 
| |-Patient: 
| |-PassengerArtifact: 
| |-Defendant: 
| |-Attacker: 
| |-IdentifiedRole: 
| |-Preventer: 
| |-CrashObject: 
| |-Victim: 
| |-Identifier: 
| |-AcquiredEntity: 
| |-Researcher: 
| |-Regulator: 
| |-Observer: 
| |-Artifact: 
| |-Target: 
| |-Impeder: 
| |-Treater: 
| |-Subject: 
| |-Destination: 
| |-Giver: 
| |-Perpetrator: 
| |-ExplosiveDevice: 
| |-Transporter: 
| |-Employee: 
| |-PaymentBarter: 
| |-Damager: 
| |-JudgeCourt: 
| |-ArtifactMoney: 
| |-IdentifiedObject: 
| |-ObservedEntity: 
| |-Demonstrator: 
| |-Victor: 
| |-TeacherTrainer: 
| |-Prosecutor: 
| |-Dismantler: 
| |-DamagerDestroyer: 
| |-Origin: 
|-Template (Movement.Transportation):
| |-PassengerArtifact: [((1105, 1110), 'bodies')]
| |-Destination: [((1185, 1193), 'kabul city'), ((291, 295), 'kabul'), ((291, 295), 'kabul'), ((291, 295), 'kabul'), ((291, 295), 'kabul'), ((291, 295), 'kabul'), ((291, 295), 'kabul'), ((524, 530), 'capital'), ((291, 295), 'kabul')]
| |-Vehicle: 
| |-Transporter: 
| |-Origin: 
| |-Preventer: 
| |-Defeated: 
| |-Investigator: 
| |-Killer: 
| |-Jailer: 
| |-Destroyer: 
| |-ManufacturerAssembler: 
| |-Instrument: 
| |-PlaceOfEmployment: 
| |-Learner: 
| |-Components: 
| |-Disabler: 
| |-Injurer: 
| |-Communicator: 
| |-BodyPart: 
| |-Disease: 
| |-Detainee: 
| |-Position: 
| |-Patient: 
| |-Defendant: 
| |-Attacker: 
| |-IdentifiedRole: 
| |-CrashObject: 
| |-Victim: 
| |-Identifier: 
| |-AcquiredEntity: 
| |-Researcher: 
| |-Regulator: 
| |-Observer: 
| |-Artifact: 
| |-Target: 
| |-Participant: 
| |-Recipient: 
| |-Topic: 
| |-Impeder: 
| |-Treater: 
| |-Subject: 
| |-Giver: 
| |-Perpetrator: 
| |-ExplosiveDevice: 
| |-Employee: 
| |-PaymentBarter: 
| |-Place: 
| |-Damager: 
| |-JudgeCourt: 
| |-ArtifactMoney: 
| |-IdentifiedObject: 
| |-ObservedEntity: 
| |-Demonstrator: 
| |-Victor: 
| |-TeacherTrainer: 
| |-Prosecutor: 
| |-Dismantler: 
| |-DamagerDestroyer: 
|-Template (Movement.Transportation):
| |-PassengerArtifact: [((1201, 1207), 'injured')]
| |-Destination: [((1225, 1233), 'hospitals')]
| |-Vehicle: 
| |-Transporter: 
| |-Origin: 
| |-Preventer: 
| |-Defeated: 
| |-Investigator: 
| |-Killer: 
| |-Jailer: 
| |-Destroyer: 
| |-ManufacturerAssembler: 
| |-Instrument: 
| |-PlaceOfEmployment: 
| |-Learner: 
| |-Components: 
| |-Disabler: 
| |-Injurer: 
| |-Communicator: 
| |-BodyPart: 
| |-Disease: 
| |-Detainee: 
| |-Position: 
| |-Patient: 
| |-Defendant: 
| |-Attacker: 
| |-IdentifiedRole: 
| |-CrashObject: 
| |-Victim: 
| |-Identifier: 
| |-AcquiredEntity: 
| |-Researcher: 
| |-Regulator: 
| |-Observer: 
| |-Artifact: 
| |-Target: 
| |-Participant: 
| |-Recipient: 
| |-Topic: 
| |-Impeder: 
| |-Treater: 
| |-Subject: 
| |-Giver: 
| |-Perpetrator: 
| |-ExplosiveDevice: 
| |-Employee: 
| |-PaymentBarter: 
| |-Place: 
| |-Damager: 
| |-JudgeCourt: 
| |-ArtifactMoney: 
| |-IdentifiedObject: 
| |-ObservedEntity: 
| |-Demonstrator: 
| |-Victor: 
| |-TeacherTrainer: 
| |-Prosecutor: 
| |-Dismantler: 
| |-DamagerDestroyer: 
|-Template (Conflict.Attack):
| |-Place: [((904, 910), 'complex'), ((67, 74), 'compound'), ((451, 456), 'campus'), ((206, 219), 'training center'), ((206, 219), 'training center'), ((451, 456), 'campus'), ((904, 910), 'complex'), ((1372, 1379), 'building'), ((904, 910), 'complex')]
| |-ExplosiveDevice: 
| |-Target: [((24, 30), 'members'), ((13, 23), 'more than 100'), ((24, 30), 'members'), ((21, 23), '100'), ((24, 30), 'members'), ((975, 981), 'over 100')]
| |-Attacker: 
| |-Instrument: 
| |-Defeated: 
| |-Investigator: 
| |-Killer: 
| |-Jailer: 
| |-Destroyer: 
| |-ManufacturerAssembler: 
| |-PlaceOfEmployment: 
| |-Learner: 
| |-Components: 
| |-Vehicle: 
| |-Disabler: 
| |-Injurer: 
| |-Communicator: 
| |-BodyPart: 
| |-Disease: 
| |-Detainee: 
| |-Position: 
| |-Patient: 
| |-PassengerArtifact: 
| |-Defendant: 
| |-IdentifiedRole: 
| |-Preventer: 
| |-CrashObject: 
| |-Victim: 
| |-Identifier: 
| |-AcquiredEntity: 
| |-Researcher: 
| |-Regulator: 
| |-Observer: 
| |-Artifact: 
| |-Participant: 
| |-Recipient: 
| |-Topic: 
| |-Impeder: 
| |-Treater: 
| |-Subject: 
| |-Destination: 
| |-Giver: 
| |-Perpetrator: 
| |-Transporter: 
| |-Employee: 
| |-PaymentBarter: 
| |-Damager: 
| |-JudgeCourt: 
| |-ArtifactMoney: 
| |-IdentifiedObject: 
| |-ObservedEntity: 
| |-Demonstrator: 
| |-Victor: 
| |-TeacherTrainer: 
| |-Prosecutor: 
| |-Dismantler: 
| |-DamagerDestroyer: 
| |-Origin: 
|-Template (Life.Die):
| |-Killer: 
| |-Victim: [((24, 30), 'members'), ((1113, 1114), '35')]
| |-Place: 
| |-Defeated: 
| |-Investigator: 
| |-Jailer: 
| |-Destroyer: 
| |-ManufacturerAssembler: 
| |-Instrument: 
| |-PlaceOfEmployment: 
| |-Learner: 
| |-Components: 
| |-Vehicle: 
| |-Disabler: 
| |-Injurer: 
| |-Communicator: 
| |-BodyPart: 
| |-Disease: 
| |-Detainee: 
| |-Position: 
| |-Patient: 
| |-PassengerArtifact: 
| |-Defendant: 
| |-Attacker: 
| |-IdentifiedRole: 
| |-Preventer: 
| |-CrashObject: 
| |-Identifier: 
| |-AcquiredEntity: 
| |-Researcher: 
| |-Regulator: 
| |-Observer: 
| |-Artifact: 
| |-Target: 
| |-Participant: 
| |-Recipient: 
| |-Topic: 
| |-Impeder: 
| |-Treater: 
| |-Subject: 
| |-Destination: 
| |-Giver: 
| |-Perpetrator: 
| |-ExplosiveDevice: 
| |-Transporter: 
| |-Employee: 
| |-PaymentBarter: 
| |-Damager: 
| |-JudgeCourt: 
| |-ArtifactMoney: 
| |-IdentifiedObject: 
| |-ObservedEntity: 
| |-Demonstrator: 
| |-Victor: 
| |-TeacherTrainer: 
| |-Prosecutor: 
| |-Dismantler: 
| |-DamagerDestroyer: 
| |-Origin: 
|-Template (Life.Injure):
| |-Victim: [((33, 39), 'afghans')], [((3445, 3455), 'expatriates')]
| |-Injurer: 
| |-Instrument: 
| |-BodyPart: 
| |-Defeated: 
| |-Investigator: 
| |-Killer: 
| |-Jailer: 
| |-Destroyer: 
| |-ManufacturerAssembler: 
| |-PlaceOfEmployment: 
| |-Learner: 
| |-Components: 
| |-Vehicle: 
| |-Disabler: 
| |-Communicator: 
| |-Disease: 
| |-Detainee: 
| |-Position: 
| |-Patient: 
| |-PassengerArtifact: 
| |-Defendant: 
| |-Attacker: 
| |-IdentifiedRole: 
| |-Preventer: 
| |-CrashObject: 
| |-Identifier: 
| |-AcquiredEntity: 
| |-Researcher: 
| |-Regulator: 
| |-Observer: 
| |-Artifact: 
| |-Target: 
| |-Participant: 
| |-Recipient: 
| |-Topic: 
| |-Impeder: 
| |-Treater: 
| |-Subject: 
| |-Destination: 
| |-Giver: 
| |-Perpetrator: 
| |-ExplosiveDevice: 
| |-Transporter: 
| |-Employee: 
| |-PaymentBarter: 
| |-Place: 
| |-Damager: 
| |-JudgeCourt: 
| |-ArtifactMoney: 
| |-IdentifiedObject: 
| |-ObservedEntity: 
| |-Demonstrator: 
| |-Victor: 
| |-TeacherTrainer: 
| |-Prosecutor: 
| |-Dismantler: 
| |-DamagerDestroyer: 
| |-Origin: 
|-Template (Life.Die):
| |-Killer: [((3338, 3345), 'fighters')]
| |-Victim: [((161, 166), 'people')]
| |-Place: 
| |-Defeated: 
| |-Investigator: 
| |-Jailer: 
| |-Destroyer: 
| |-ManufacturerAssembler: 
| |-Instrument: 
| |-PlaceOfEmployment: 
| |-Learner: 
| |-Components: 
| |-Vehicle: 
| |-Disabler: 
| |-Injurer: 
| |-Communicator: 
| |-BodyPart: 
| |-Disease: 
| |-Detainee: 
| |-Position: 
| |-Patient: 
| |-PassengerArtifact: 
| |-Defendant: 
| |-Attacker: 
| |-IdentifiedRole: 
| |-Preventer: 
| |-CrashObject: 
| |-Identifier: 
| |-AcquiredEntity: 
| |-Researcher: 
| |-Regulator: 
| |-Observer: 
| |-Artifact: 
| |-Target: 
| |-Participant: 
| |-Recipient: 
| |-Topic: 
| |-Impeder: 
| |-Treater: 
| |-Subject: 
| |-Destination: 
| |-Giver: 
| |-Perpetrator: 
| |-ExplosiveDevice: 
| |-Transporter: 
| |-Employee: 
| |-PaymentBarter: 
| |-Damager: 
| |-JudgeCourt: 
| |-ArtifactMoney: 
| |-IdentifiedObject: 
| |-ObservedEntity: 
| |-Demonstrator: 
| |-Victor: 
| |-TeacherTrainer: 
| |-Prosecutor: 
| |-Dismantler: 
| |-DamagerDestroyer: 
| |-Origin: 
|-Template (Conflict.Attack):
| |-Place: [((3366, 3388), 'highly fortified compound')]
| |-ExplosiveDevice: [((750, 756), 'car bomb')]
| |-Target: 
| |-Attacker: 
| |-Instrument: 
| |-Defeated: 
| |-Investigator: 
| |-Killer: 
| |-Jailer: 
| |-Destroyer: 
| |-ManufacturerAssembler: 
| |-PlaceOfEmployment: 
| |-Learner: 
| |-Components: 
| |-Vehicle: 
| |-Disabler: 
| |-Injurer: 
| |-Communicator: 
| |-BodyPart: 
| |-Disease: 
| |-Detainee: 
| |-Position: 
| |-Patient: 
| |-PassengerArtifact: 
| |-Defendant: 
| |-IdentifiedRole: 
| |-Preventer: 
| |-CrashObject: 
| |-Victim: 
| |-Identifier: 
| |-AcquiredEntity: 
| |-Researcher: 
| |-Regulator: 
| |-Observer: 
| |-Artifact: 
| |-Participant: 
| |-Recipient: 
| |-Topic: 
| |-Impeder: 
| |-Treater: 
| |-Subject: 
| |-Destination: 
| |-Giver: 
| |-Perpetrator: 
| |-Transporter: 
| |-Employee: 
| |-PaymentBarter: 
| |-Damager: 
| |-JudgeCourt: 
| |-ArtifactMoney: 
| |-IdentifiedObject: 
| |-ObservedEntity: 
| |-Demonstrator: 
| |-Victor: 
| |-TeacherTrainer: 
| |-Prosecutor: 
| |-Dismantler: 
| |-DamagerDestroyer: 
| |-Origin: 
|-Template (Contact.Contact):
| |-Participant: [((125, 133), 'officials'), ((125, 133), 'officials'), ((2584, 2598), 'representatives')], [((0, 6), 'taliban'), ((2277, 2286), 'insurgents'), ((0, 6), 'taliban'), ((3708, 3712), 'their'), ((961, 964), 'they'), ((0, 6), 'taliban'), ((0, 6), 'taliban'), ((0, 6), 'the taliban'), ((2277, 2286), 'insurgents'), ((0, 6), 'taliban'), ((0, 6), 'taliban'), ((0, 6), 'taliban'), ((44, 45), 'it'), ((3825, 3833), 'militants'), ((2277, 2286), 'insurgents'), ((0, 6), 'taliban'), ((3708, 3712), 'their'), ((0, 6), 'taliban'), ((3276, 3280), 'group'), ((0, 6), 'taliban')]
| |-Place: [((2237, 2241), 'qatar'), ((2237, 2241), 'qatar')]
| |-Topic: [((2307, 2317), 'bringing an end')]
| |-Communicator: 
| |-Recipient: 
| |-Instrument: 
| |-Defeated: 
| |-Investigator: 
| |-Killer: 
| |-Jailer: 
| |-Destroyer: 
| |-ManufacturerAssembler: 
| |-PlaceOfEmployment: 
| |-Learner: 
| |-Components: 
| |-Vehicle: 
| |-Disabler: 
| |-Injurer: 
| |-BodyPart: 
| |-Disease: 
| |-Detainee: 
| |-Position: 
| |-Patient: 
| |-PassengerArtifact: 
| |-Defendant: 
| |-Attacker: 
| |-IdentifiedRole: 
| |-Preventer: 
| |-CrashObject: 
| |-Victim: 
| |-Identifier: 
| |-AcquiredEntity: 
| |-Researcher: 
| |-Regulator: 
| |-Observer: 
| |-Artifact: 
| |-Target: 
| |-Impeder: 
| |-Treater: 
| |-Subject: 
| |-Destination: 
| |-Giver: 
| |-Perpetrator: 
| |-ExplosiveDevice: 
| |-Transporter: 
| |-Employee: 
| |-PaymentBarter: 
| |-Damager: 
| |-JudgeCourt: 
| |-ArtifactMoney: 
| |-IdentifiedObject: 
| |-ObservedEntity: 
| |-Demonstrator: 
| |-Victor: 
| |-TeacherTrainer: 
| |-Prosecutor: 
| |-Dismantler: 
| |-DamagerDestroyer: 
| |-Origin: 
|-Template (Conflict.Attack):
| |-Place: 
| |-ExplosiveDevice: 
| |-Target: 
| |-Attacker: 
| |-Instrument: 
| |-Defeated: 
| |-Investigator: 
| |-Killer: 
| |-Jailer: 
| |-Destroyer: 
| |-ManufacturerAssembler: 
| |-PlaceOfEmployment: 
| |-Learner: 
| |-Components: 
| |-Vehicle: 
| |-Disabler: 
| |-Injurer: 
| |-Communicator: 
| |-BodyPart: 
| |-Disease: 
| |-Detainee: 
| |-Position: 
| |-Patient: 
| |-PassengerArtifact: 
| |-Defendant: 
| |-IdentifiedRole: 
| |-Preventer: 
| |-CrashObject: 
| |-Victim: 
| |-Identifier: 
| |-AcquiredEntity: 
| |-Researcher: 
| |-Regulator: 
| |-Observer: 
| |-Artifact: 
| |-Participant: 
| |-Recipient: 
| |-Topic: 
| |-Impeder: 
| |-Treater: 
| |-Subject: 
| |-Destination: 
| |-Giver: 
| |-Perpetrator: 
| |-Transporter: 
| |-Employee: 
| |-PaymentBarter: 
| |-Damager: 
| |-JudgeCourt: 
| |-ArtifactMoney: 
| |-IdentifiedObject: 
| |-ObservedEntity: 
| |-Demonstrator: 
| |-Victor: 
| |-TeacherTrainer: 
| |-Prosecutor: 
| |-Dismantler: 
| |-DamagerDestroyer: 
| |-Origin: 
|-Template (Life.Die):
| |-Killer: [((961, 964), 'they'), ((1981, 1987), 'enemies')]
| |-Victim: [((2079, 2098), 'beloved and honest sons')]
| |-Place: 
| |-Defeated: 
| |-Investigator: 
| |-Jailer: 
| |-Destroyer: 
| |-ManufacturerAssembler: 
| |-Instrument: 
| |-PlaceOfEmployment: 
| |-Learner: 
| |-Components: 
| |-Vehicle: 
| |-Disabler: 
| |-Injurer: 
| |-Communicator: 
| |-BodyPart: 
| |-Disease: 
| |-Detainee: 
| |-Position: 
| |-Patient: 
| |-PassengerArtifact: 
| |-Defendant: 
| |-Attacker: 
| |-IdentifiedRole: 
| |-Preventer: 
| |-CrashObject: 
| |-Identifier: 
| |-AcquiredEntity: 
| |-Researcher: 
| |-Regulator: 
| |-Observer: 
| |-Artifact: 
| |-Target: 
| |-Participant: 
| |-Recipient: 
| |-Topic: 
| |-Impeder: 
| |-Treater: 
| |-Subject: 
| |-Destination: 
| |-Giver: 
| |-Perpetrator: 
| |-ExplosiveDevice: 
| |-Transporter: 
| |-Employee: 
| |-PaymentBarter: 
| |-Damager: 
| |-JudgeCourt: 
| |-ArtifactMoney: 
| |-IdentifiedObject: 
| |-ObservedEntity: 
| |-Demonstrator: 
| |-Victor: 
| |-TeacherTrainer: 
| |-Prosecutor: 
| |-Dismantler: 
| |-DamagerDestroyer: 
| |-Origin: 
|-Template (Life.Injure):
| |-Victim: [((2079, 2098), 'beloved and honest sons')]
| |-Injurer: [((961, 964), 'they'), ((1981, 1987), 'enemies')]
| |-Instrument: 
| |-BodyPart: 
| |-Defeated: 
| |-Investigator: 
| |-Killer: 
| |-Jailer: 
| |-Destroyer: 
| |-ManufacturerAssembler: 
| |-PlaceOfEmployment: 
| |-Learner: 
| |-Components: 
| |-Vehicle: 
| |-Disabler: 
| |-Communicator: 
| |-Disease: 
| |-Detainee: 
| |-Position: 
| |-Patient: 
| |-PassengerArtifact: 
| |-Defendant: 
| |-Attacker: 
| |-IdentifiedRole: 
| |-Preventer: 
| |-CrashObject: 
| |-Identifier: 
| |-AcquiredEntity: 
| |-Researcher: 
| |-Regulator: 
| |-Observer: 
| |-Artifact: 
| |-Target: 
| |-Participant: 
| |-Recipient: 
| |-Topic: 
| |-Impeder: 
| |-Treater: 
| |-Subject: 
| |-Destination: 
| |-Giver: 
| |-Perpetrator: 
| |-ExplosiveDevice: 
| |-Transporter: 
| |-Employee: 
| |-PaymentBarter: 
| |-Place: 
| |-Damager: 
| |-JudgeCourt: 
| |-ArtifactMoney: 
| |-IdentifiedObject: 
| |-ObservedEntity: 
| |-Demonstrator: 
| |-Victor: 
| |-TeacherTrainer: 
| |-Prosecutor: 
| |-Dismantler: 
| |-DamagerDestroyer: 
| |-Origin: 